<?xml version="1.0" encoding="UTF-8"?>
<robot generator="Robot 7.3.2 (Python 3.13.7 on linux)" generated="2025-11-17T15:06:45.731367" rpa="false" schemaversion="5">
<suite id="s1" name="Tests" source="/home/jersetal/code/palautusrepositorio/viikko3/hello-robot/src/tests">
<suite id="s1-s1" name="Increase Counter" source="/home/jersetal/code/palautusrepositorio/viikko3/hello-robot/src/tests/increase_counter.robot">
<test id="s1-s1-t1" name="Increase Counter Once" line="5">
<kw name="Counter Value Should Be" owner="CounterLibrary">
<arg>0</arg>
<status status="PASS" start="2025-11-17T15:06:45.757784" elapsed="0.000161"/>
</kw>
<kw name="Increase Counter" owner="CounterLibrary">
<status status="PASS" start="2025-11-17T15:06:45.758146" elapsed="0.000110"/>
</kw>
<kw name="Counter Value Should Be" owner="CounterLibrary">
<arg>1</arg>
<status status="PASS" start="2025-11-17T15:06:45.758378" elapsed="0.000092"/>
</kw>
<status status="PASS" start="2025-11-17T15:06:45.757044" elapsed="0.001578"/>
</test>
<test id="s1-s1-t2" name="Increase Counter Many Times" line="10">
<kw name="Counter Value Should Be" owner="CounterLibrary">
<arg>0</arg>
<status status="PASS" start="2025-11-17T15:06:45.759033" elapsed="0.000091"/>
</kw>
<kw name="Increase Counter" owner="CounterLibrary">
<status status="PASS" start="2025-11-17T15:06:45.759217" elapsed="0.000067"/>
</kw>
<kw name="Increase Counter" owner="CounterLibrary">
<status status="PASS" start="2025-11-17T15:06:45.759361" elapsed="0.000063"/>
</kw>
<kw name="Increase Counter" owner="CounterLibrary">
<status status="PASS" start="2025-11-17T15:06:45.759498" elapsed="0.000069"/>
</kw>
<kw name="Counter Value Should Be" owner="CounterLibrary">
<arg>3</arg>
<status status="PASS" start="2025-11-17T15:06:45.759642" elapsed="0.000071"/>
</kw>
<status status="PASS" start="2025-11-17T15:06:45.758793" elapsed="0.001022"/>
</test>
<test id="s1-s1-t3" name="Increment Counter By Amount" line="17">
<kw name="Counter Value Should Be" owner="CounterLibrary">
<arg>0</arg>
<status status="PASS" start="2025-11-17T15:06:45.760185" elapsed="0.000097"/>
</kw>
<kw name="Increment Counter By" owner="CounterLibrary">
<arg>5</arg>
<status status="PASS" start="2025-11-17T15:06:45.760385" elapsed="0.000074"/>
</kw>
<kw name="Counter Value Should Be" owner="CounterLibrary">
<arg>5</arg>
<status status="PASS" start="2025-11-17T15:06:45.760565" elapsed="0.000069"/>
</kw>
<status status="PASS" start="2025-11-17T15:06:45.759964" elapsed="0.000760"/>
</test>
<test id="s1-s1-t4" name="Reset Counter After One Increment" line="22">
<kw name="Counter Value Should Be" owner="CounterLibrary">
<arg>0</arg>
<status status="PASS" start="2025-11-17T15:06:45.761067" elapsed="0.000083"/>
</kw>
<kw name="Increase Counter" owner="CounterLibrary">
<status status="PASS" start="2025-11-17T15:06:45.761232" elapsed="0.000060"/>
</kw>
<kw name="Counter Value Should Be" owner="CounterLibrary">
<arg>1</arg>
<status status="PASS" start="2025-11-17T15:06:45.761364" elapsed="0.000067"/>
</kw>
<kw name="Reset Counter" owner="CounterLibrary">
<status status="PASS" start="2025-11-17T15:06:45.761510" elapsed="0.000082"/>
</kw>
<kw name="Counter Value Should Be" owner="CounterLibrary">
<arg>0</arg>
<status status="PASS" start="2025-11-17T15:06:45.761668" elapsed="0.000064"/>
</kw>
<status status="PASS" start="2025-11-17T15:06:45.760856" elapsed="0.000964"/>
</test>
<test id="s1-s1-t5" name="Reset Counter After Several Increments" line="29">
<kw name="Counter Value Should Be" owner="CounterLibrary">
<arg>0</arg>
<status status="PASS" start="2025-11-17T15:06:45.762163" elapsed="0.000083"/>
</kw>
<kw name="Increment Counter By" owner="CounterLibrary">
<arg>5</arg>
<status status="PASS" start="2025-11-17T15:06:45.762331" elapsed="0.000068"/>
</kw>
<kw name="Counter Value Should Be" owner="CounterLibrary">
<arg>5</arg>
<status status="PASS" start="2025-11-17T15:06:45.762476" elapsed="0.000077"/>
</kw>
<kw name="Reset Counter" owner="CounterLibrary">
<status status="PASS" start="2025-11-17T15:06:45.762630" elapsed="0.000060"/>
</kw>
<kw name="Counter Value Should Be" owner="CounterLibrary">
<arg>0</arg>
<status status="PASS" start="2025-11-17T15:06:45.762766" elapsed="0.000064"/>
</kw>
<status status="PASS" start="2025-11-17T15:06:45.761953" elapsed="0.000970"/>
</test>
<status status="PASS" start="2025-11-17T15:06:45.754334" elapsed="0.008928"/>
</suite>
<status status="PASS" start="2025-11-17T15:06:45.732209" elapsed="0.031447"/>
</suite>
<statistics>
<total>
<stat pass="5" fail="0" skip="0">All Tests</stat>
</total>
<tag>
</tag>
<suite>
<stat name="Tests" id="s1" pass="5" fail="0" skip="0">Tests</stat>
<stat name="Increase Counter" id="s1-s1" pass="5" fail="0" skip="0">Tests.Increase Counter</stat>
</suite>
</statistics>
<errors>
</errors>
</robot>
